<?xml version="1.0" encoding="UTF-8"?>
<!-- Generated by org.testng.reporters.JUnitReportReporter -->
<testsuite hostname="KetMayu" failures="0" tests="2" name="com.EBanking.tests.Register" time="18.420" errors="0" timestamp="2023-08-12T17:33:02 IST" skipped="0">
  <testcase classname="com.EBanking.tests.Register" name="registerWithAllField" time="9.757"/>
  <testcase classname="com.EBanking.tests.Register" name="registerWithExistingAccount" time="8.663"/>
</testsuite> <!-- com.EBanking.tests.Register -->
