<?xml version="1.0" encoding="UTF-8"?>
<!-- Generated by org.testng.reporters.JUnitReportReporter -->
<testsuite hostname="KetMayu" failures="0" tests="5" name="com.EBanking.tests.PayBillsTest" time="64.779" errors="0" timestamp="2023-08-16T10:10:28 IST" skipped="0">
  <testcase classname="com.EBanking.tests.PayBillsTest" name="MakePaymensOfChecking" time="12.925"/>
  <testcase classname="com.EBanking.tests.PayBillsTest" name="MakePaymensOfLoan" time="12.425"/>
  <testcase classname="com.EBanking.tests.PayBillsTest" name="MakePaymentOfCreditCard" time="13.497"/>
  <testcase classname="com.EBanking.tests.PayBillsTest" name="addNewPayees" time="12.929"/>
  <testcase classname="com.EBanking.tests.PayBillsTest" name="purchaseForeignCurrency" time="13.003"/>
</testsuite> <!-- com.EBanking.tests.PayBillsTest -->
