<?xml version="1.0" encoding="UTF-8"?>
<!-- Generated by org.testng.reporters.JUnitReportReporter -->
<testsuite hostname="KetMayu" failures="0" tests="7" name="com.EBanking.tests.LoginTest" time="53.155" errors="0" timestamp="2023-08-16T10:10:28 IST" skipped="0">
  <testcase classname="com.EBanking.tests.LoginTest" name="loginWithValidCredential" time="14.128"/>
  <testcase classname="com.EBanking.tests.LoginTest" name="loginWithinvalidCredential" time="5.941"/>
  <testcase classname="com.EBanking.tests.LoginTest" name="loginWithNoCredential" time="5.434"/>
  <testcase classname="com.EBanking.tests.LoginTest" name="loginWithOnlyUserName" time="5.906"/>
  <testcase classname="com.EBanking.tests.LoginTest" name="loginWithOnlyPassword" time="5.787"/>
  <testcase classname="com.EBanking.tests.LoginTest" name="loginWithAllFields" time="11.335"/>
  <testcase classname="com.EBanking.tests.LoginTest" name="forgetPasswordOptionAvailableOrNot" time="4.624"/>
</testsuite> <!-- com.EBanking.tests.LoginTest -->
