<?xml version="1.0" encoding="UTF-8"?>
<!-- Generated by org.testng.reporters.JUnitReportReporter -->
<testsuite hostname="KetMayu" failures="0" tests="1" name="com.EBanking.baseclass.BaseClass" time="12.295" errors="0" timestamp="2023-08-13T10:41:41 IST" skipped="0">
  <testcase classname="com.EBanking.baseclass.BaseClass" name="setUp" time="12.295"/>
</testsuite> <!-- com.EBanking.baseclass.BaseClass -->
